<?xml version="1.0" encoding="UTF-8"?>
<!-- Generated by org.testng.reporters.JUnitXMLReporter -->
<testsuite ignored="0" hostname="ILD-CHN-LAP-201" failures="1" tests="1" name="OpenCartTest(failed)" time="17.296" errors="0" timestamp="2022-12-22T15:18:44 IST">
  <testcase classname="testCases.TC_002_LoginTest" name="test_login" time="11.453">
    <failure type="java.lang.AssertionError" message="Invalid login data expected [true] but found [false]">
      <![CDATA[java.lang.AssertionError: Invalid login data expected [true] but found [false]
at testCases.TC_002_LoginTest.test_login(TC_002_LoginTest.java:39)
at java.base/java.util.ArrayList.forEach(ArrayList.java:1511)
... Removed 30 stack frames]]>
    </failure>
  </testcase> <!-- test_login -->
</testsuite> <!-- OpenCartTest(failed) -->
